<?xml version="1.0" encoding="UTF-8"?>
<testsuite name="com.karumi.hagu.plugin.KotlinConfigGeneratorTest" tests="3" skipped="0" failures="1" errors="0"
           timestamp="2019-09-17T15:27:13" hostname="tonimac-3986.local" time="0.242">
    <properties/>
    <testcase name="should create a hagu config file" classname="com.karumi.hagu.plugin.KotlinConfigGeneratorTest"
              time="0.043"/>
    <testcase name="should create directory if not exist" classname="com.karumi.hagu.plugin.KotlinConfigGeneratorTest"
              time="0.0"/>
    <testcase name="generate kotlin configuration object with properties"
              classname="com.karumi.hagu.plugin.KotlinConfigGeneratorTest" time="0.198">
        <failure
                message="com.karumi.kotlinsnapshot.core.SnapshotException: ?[31mReceived value?[0m does not match ?[32mstored snapshot: &quot;com.karumi.hagu.plugin.KotlinConfigGeneratorTest_generate kotlin configuration object with properties.snap&quot;?[0m&#10;&#10;?[32m-Snapshot?[0m&#10;?[31m+Received?[0m&#10;&#10; package com.karumi.hagu.generated&#10;&#10;object HaguConfig {&#10;    &#10;&#9;val PROPERTY_&#10;?[32m- KEY&#10;?[0m?[31m+ STRING&#10;?[0m  = &quot;Hello world&quot;&#10;&#10;?[31m+ &#9;val PROPERTY_NUMBER = 1&#10;&#10;?[0m     &#10;}  &#10;&#10; expected:&lt;...&#10;    &#10;&#9;val PROPERTY_[KEY = &quot;Hello world&quot;]&#10;    &#10;}  &#10;&gt; but was:&lt;...&#10;    &#10;&#9;val PROPERTY_[STRING = &quot;Hello world&quot;&#10;&#9;val PROPERTY_NUMBER = 1]&#10;    &#10;}  &#10;&gt;"
                type="com.karumi.kotlinsnapshot.core.SnapshotException">
            com.karumi.kotlinsnapshot.core.SnapshotException: ?[31mReceived value?[0m does not match ?[32mstored
            snapshot: &quot;com.karumi.hagu.plugin.KotlinConfigGeneratorTest_generate kotlin configuration object with
            properties.snap&quot;?[0m

            ?[32m-Snapshot?[0m
            ?[31m+Received?[0m

            package com.karumi.hagu.generated

            object HaguConfig {

            val PROPERTY_
            ?[32m- KEY
            ?[0m?[31m+ STRING
            ?[0m = &quot;Hello world&quot;

            ?[31m+ val PROPERTY_NUMBER = 1

            ?[0m
            }

            expected:&lt;...

            val PROPERTY_[KEY = &quot;Hello world&quot;]

            }
            &gt; but was:&lt;...

            val PROPERTY_[STRING = &quot;Hello world&quot;
            val PROPERTY_NUMBER = 1]

            }
            &gt;
            at com.karumi.kotlinsnapshot.core.Camera.matchValueWithExistingSnapshot(Camera.kt:65)
            at com.karumi.kotlinsnapshot.core.Camera.matchWithSnapshot(Camera.kt:29)
            at com.karumi.kotlinsnapshot.KotlinSnapshotKt.matchWithSnapshot(KotlinSnapshot.kt:39)
            at com.karumi.kotlinsnapshot.KotlinSnapshotKt.matchWithSnapshot$default(KotlinSnapshot.kt:38)
            at com.karumi.hagu.plugin.KotlinConfigGeneratorTest.generate kotlin configuration object with
            properties(KotlinConfigGeneratorTest.kt:29)
            at sun.reflect.NativeMethodAccessorImpl.invoke0(Native Method)
            at sun.reflect.NativeMethodAccessorImpl.invoke(NativeMethodAccessorImpl.java:62)
            at sun.reflect.DelegatingMethodAccessorImpl.invoke(DelegatingMethodAccessorImpl.java:43)
            at java.lang.reflect.Method.invoke(Method.java:498)
            at org.junit.runners.model.FrameworkMethod$1.runReflectiveCall(FrameworkMethod.java:50)
            at org.junit.internal.runners.model.ReflectiveCallable.run(ReflectiveCallable.java:12)
            at org.junit.runners.model.FrameworkMethod.invokeExplosively(FrameworkMethod.java:47)
            at org.junit.internal.runners.statements.InvokeMethod.evaluate(InvokeMethod.java:17)
            at org.junit.runners.ParentRunner.runLeaf(ParentRunner.java:325)
            at org.junit.runners.BlockJUnit4ClassRunner.runChild(BlockJUnit4ClassRunner.java:78)
            at org.junit.runners.BlockJUnit4ClassRunner.runChild(BlockJUnit4ClassRunner.java:57)
            at org.junit.runners.ParentRunner$3.run(ParentRunner.java:290)
            at org.junit.runners.ParentRunner$1.schedule(ParentRunner.java:71)
            at org.junit.runners.ParentRunner.runChildren(ParentRunner.java:288)
            at org.junit.runners.ParentRunner.access$000(ParentRunner.java:58)
            at org.junit.runners.ParentRunner$2.evaluate(ParentRunner.java:268)
            at org.junit.runners.ParentRunner.run(ParentRunner.java:363)
            at
            org.gradle.api.internal.tasks.testing.junit.JUnitTestClassExecutor.runTestClass(JUnitTestClassExecutor.java:110)
            at
            org.gradle.api.internal.tasks.testing.junit.JUnitTestClassExecutor.execute(JUnitTestClassExecutor.java:58)
            at
            org.gradle.api.internal.tasks.testing.junit.JUnitTestClassExecutor.execute(JUnitTestClassExecutor.java:38)
            at
            org.gradle.api.internal.tasks.testing.junit.AbstractJUnitTestClassProcessor.processTestClass(AbstractJUnitTestClassProcessor.java:62)
            at
            org.gradle.api.internal.tasks.testing.SuiteTestClassProcessor.processTestClass(SuiteTestClassProcessor.java:51)
            at sun.reflect.NativeMethodAccessorImpl.invoke0(Native Method)
            at sun.reflect.NativeMethodAccessorImpl.invoke(NativeMethodAccessorImpl.java:62)
            at sun.reflect.DelegatingMethodAccessorImpl.invoke(DelegatingMethodAccessorImpl.java:43)
            at java.lang.reflect.Method.invoke(Method.java:498)
            at org.gradle.internal.dispatch.ReflectionDispatch.dispatch(ReflectionDispatch.java:36)
            at org.gradle.internal.dispatch.ReflectionDispatch.dispatch(ReflectionDispatch.java:24)
            at org.gradle.internal.dispatch.ContextClassLoaderDispatch.dispatch(ContextClassLoaderDispatch.java:33)
            at
            org.gradle.internal.dispatch.ProxyDispatchAdapter$DispatchingInvocationHandler.invoke(ProxyDispatchAdapter.java:94)
            at com.sun.proxy.$Proxy2.processTestClass(Unknown Source)
            at org.gradle.api.internal.tasks.testing.worker.TestWorker.processTestClass(TestWorker.java:118)
            at sun.reflect.NativeMethodAccessorImpl.invoke0(Native Method)
            at sun.reflect.NativeMethodAccessorImpl.invoke(NativeMethodAccessorImpl.java:62)
            at sun.reflect.DelegatingMethodAccessorImpl.invoke(DelegatingMethodAccessorImpl.java:43)
            at java.lang.reflect.Method.invoke(Method.java:498)
            at org.gradle.internal.dispatch.ReflectionDispatch.dispatch(ReflectionDispatch.java:36)
            at org.gradle.internal.dispatch.ReflectionDispatch.dispatch(ReflectionDispatch.java:24)
            at
            org.gradle.internal.remote.internal.hub.MessageHubBackedObjectConnection$DispatchWrapper.dispatch(MessageHubBackedObjectConnection.java:182)
            at
            org.gradle.internal.remote.internal.hub.MessageHubBackedObjectConnection$DispatchWrapper.dispatch(MessageHubBackedObjectConnection.java:164)
            at org.gradle.internal.remote.internal.hub.MessageHub$Handler.run(MessageHub.java:412)
            at org.gradle.internal.concurrent.ExecutorPolicy$CatchAndRecordFailures.onExecute(ExecutorPolicy.java:64)
            at org.gradle.internal.concurrent.ManagedExecutorImpl$1.run(ManagedExecutorImpl.java:48)
            at java.util.concurrent.ThreadPoolExecutor.runWorker(ThreadPoolExecutor.java:1149)
            at java.util.concurrent.ThreadPoolExecutor$Worker.run(ThreadPoolExecutor.java:624)
            at org.gradle.internal.concurrent.ThreadFactoryImpl$ManagedThreadRunnable.run(ThreadFactoryImpl.java:56)
            at java.lang.Thread.run(Thread.java:748)
        </failure>
    </testcase>
    <system-out><![CDATA[]]></system-out>
    <system-err><![CDATA[]]></system-err>
</testsuite>
